ui/build/intermediates/manifest_merge_blame_file/release/processReleaseMainManifest/manifest-merger-blame-release-report.txt
1<?xml version="1.0" encoding="utf-8"?>
2<!--
3  ~ Copyright © 2017-2025 WireGuard LLC. All Rights Reserved.
4  ~ SPDX-License-Identifier: Apache-2.0
5-->
6<manifest xmlns:android="http://schemas.android.com/apk/res/android"
7    package="com.wireguard.android"
8    android:installLocation="internalOnly"
9    android:versionCode="519"
10    android:versionName="1.0.20260315" >
11
12    <uses-sdk
13        android:minSdkVersion="24"
14        android:targetSdkVersion="24" />
15
16    <uses-permission android:name="android.permission.CAMERA" />
16-->src/main/AndroidManifest.xml:9:5-65
16-->src/main/AndroidManifest.xml:9:22-62
17    <uses-permission android:name="android.permission.INTERNET" />
17-->src/main/AndroidManifest.xml:10:5-67
17-->src/main/AndroidManifest.xml:10:22-64
18    <uses-permission android:name="android.permission.RECEIVE_BOOT_COMPLETED" />
18-->src/main/AndroidManifest.xml:11:5-81
18-->src/main/AndroidManifest.xml:11:22-78
19    <uses-permission
19-->src/main/AndroidManifest.xml:12:5-15:40
20        android:name="android.permission.WRITE_EXTERNAL_STORAGE"
20-->src/main/AndroidManifest.xml:13:9-65
21        android:maxSdkVersion="28" />
21-->src/main/AndroidManifest.xml:14:9-35
22
23    <uses-feature
23-->src/main/AndroidManifest.xml:17:5-19:36
24        android:name="android.hardware.touchscreen"
24-->src/main/AndroidManifest.xml:18:9-52
25        android:required="false" />
25-->src/main/AndroidManifest.xml:19:9-33
26    <uses-feature
26-->src/main/AndroidManifest.xml:20:5-22:36
27        android:name="android.software.leanback"
27-->src/main/AndroidManifest.xml:21:9-49
28        android:required="false" />
28-->src/main/AndroidManifest.xml:22:9-33
29    <uses-feature
29-->src/main/AndroidManifest.xml:23:5-25:36
30        android:name="android.hardware.camera.any"
30-->src/main/AndroidManifest.xml:24:9-51
31        android:required="false" />
31-->src/main/AndroidManifest.xml:25:9-33
32    <uses-feature
32-->src/main/AndroidManifest.xml:26:5-28:36
33        android:name="android.hardware.camera"
33-->src/main/AndroidManifest.xml:27:9-47
34        android:required="false" />
34-->src/main/AndroidManifest.xml:28:9-33
35
36    <queries>
36-->src/main/AndroidManifest.xml:134:5-139:15
37        <intent>
37-->src/main/AndroidManifest.xml:135:9-138:18
38            <action android:name="android.intent.action.MAIN" />
38-->src/main/AndroidManifest.xml:51:17-69
38-->src/main/AndroidManifest.xml:51:25-66
39
40            <category android:name="android.intent.category.LAUNCHER" />
40-->src/main/AndroidManifest.xml:52:17-77
40-->src/main/AndroidManifest.xml:52:27-74
41        </intent>
42    </queries>
43
44    <uses-permission android:name="android.permission.USE_BIOMETRIC" /> <!-- suppress DeprecatedClassUsageInspection -->
44-->[androidx.biometric:biometric:1.1.0] AndroidManifest.xml:24:5-72
44-->[androidx.biometric:biometric:1.1.0] AndroidManifest.xml:24:22-69
45    <uses-permission android:name="android.permission.USE_FINGERPRINT" />
45-->[androidx.biometric:biometric:1.1.0] AndroidManifest.xml:27:5-74
45-->[androidx.biometric:biometric:1.1.0] AndroidManifest.xml:27:22-71
46
47    <permission
47-->[androidx.core:core:1.18.0] AndroidManifest.xml:22:5-24:47
48        android:name="com.wireguard.android.DYNAMIC_RECEIVER_NOT_EXPORTED_PERMISSION"
48-->[androidx.core:core:1.18.0] AndroidManifest.xml:23:9-81
49        android:protectionLevel="signature" />
49-->[androidx.core:core:1.18.0] AndroidManifest.xml:24:9-44
50
51    <uses-permission android:name="com.wireguard.android.DYNAMIC_RECEIVER_NOT_EXPORTED_PERMISSION" />
51-->[androidx.core:core:1.18.0] AndroidManifest.xml:26:5-97
51-->[androidx.core:core:1.18.0] AndroidManifest.xml:26:22-94
52
53    <uses-feature
53-->[com.journeyapps:zxing-android-embedded:4.3.0] AndroidManifest.xml:28:5-30:36
54        android:name="android.hardware.camera.front"
54-->[com.journeyapps:zxing-android-embedded:4.3.0] AndroidManifest.xml:29:9-53
55        android:required="false" /> <!-- TODO replace above two with next line after Android 4.2 -->
55-->[com.journeyapps:zxing-android-embedded:4.3.0] AndroidManifest.xml:30:9-33
56    <!-- <uses-feature android:name="android.hardware.camera.any"/> -->
57    <uses-feature
57-->[com.journeyapps:zxing-android-embedded:4.3.0] AndroidManifest.xml:33:5-35:36
58        android:name="android.hardware.camera.autofocus"
58-->[com.journeyapps:zxing-android-embedded:4.3.0] AndroidManifest.xml:34:9-57
59        android:required="false" />
59-->[com.journeyapps:zxing-android-embedded:4.3.0] AndroidManifest.xml:35:9-33
60    <uses-feature
60-->[com.journeyapps:zxing-android-embedded:4.3.0] AndroidManifest.xml:36:5-38:36
61        android:name="android.hardware.camera.flash"
61-->[com.journeyapps:zxing-android-embedded:4.3.0] AndroidManifest.xml:37:9-53
62        android:required="false" />
62-->[com.journeyapps:zxing-android-embedded:4.3.0] AndroidManifest.xml:38:9-33
63    <uses-feature
63-->[com.journeyapps:zxing-android-embedded:4.3.0] AndroidManifest.xml:39:5-41:36
64        android:name="android.hardware.screen.landscape"
64-->[com.journeyapps:zxing-android-embedded:4.3.0] AndroidManifest.xml:40:9-57
65        android:required="false" />
65-->[com.journeyapps:zxing-android-embedded:4.3.0] AndroidManifest.xml:41:9-33
66    <uses-feature
66-->[com.journeyapps:zxing-android-embedded:4.3.0] AndroidManifest.xml:42:5-44:36
67        android:name="android.hardware.wifi"
67-->[com.journeyapps:zxing-android-embedded:4.3.0] AndroidManifest.xml:43:9-45
68        android:required="false" />
68-->[com.journeyapps:zxing-android-embedded:4.3.0] AndroidManifest.xml:44:9-33
69
70    <application
70-->src/main/AndroidManifest.xml:30:5-132:19
71        android:name="com.wireguard.android.Application"
71-->src/main/AndroidManifest.xml:31:9-36
72        android:allowBackup="false"
72-->src/main/AndroidManifest.xml:32:9-36
73        android:appComponentFactory="androidx.core.app.CoreComponentFactory"
73-->[androidx.core:core:1.18.0] AndroidManifest.xml:28:18-86
74        android:banner="@mipmap/banner"
74-->src/main/AndroidManifest.xml:33:9-40
75        android:enableOnBackInvokedCallback="true"
75-->src/main/AndroidManifest.xml:34:9-51
76        android:extractNativeLibs="false"
77        android:icon="@mipmap/ic_launcher"
77-->src/main/AndroidManifest.xml:35:9-43
78        android:label="@string/app_name"
78-->src/main/AndroidManifest.xml:36:9-41
79        android:localeConfig="@xml/_generated_res_locale_config"
80        android:networkSecurityConfig="@xml/network_security_config"
80-->src/main/AndroidManifest.xml:37:9-69
81        android:roundIcon="@mipmap/ic_launcher_round"
81-->src/main/AndroidManifest.xml:38:9-54
82        android:supportsRtl="true"
82-->src/main/AndroidManifest.xml:39:9-35
83        android:theme="@style/AppTheme" >
83-->src/main/AndroidManifest.xml:40:9-40
84        <activity
84-->src/main/AndroidManifest.xml:42:9-45:56
85            android:name="com.wireguard.android.activity.TunnelToggleActivity"
85-->src/main/AndroidManifest.xml:43:13-58
86            android:excludeFromRecents="true"
86-->src/main/AndroidManifest.xml:44:13-46
87            android:theme="@style/NoBackgroundTheme" />
87-->src/main/AndroidManifest.xml:45:13-53
88        <activity
88-->src/main/AndroidManifest.xml:47:9-58:20
89            android:name="com.wireguard.android.activity.MainActivity"
89-->src/main/AndroidManifest.xml:48:13-50
90            android:exported="true" >
90-->src/main/AndroidManifest.xml:49:13-36
91            <intent-filter>
91-->src/main/AndroidManifest.xml:50:13-53:29
92                <action android:name="android.intent.action.MAIN" />
92-->src/main/AndroidManifest.xml:51:17-69
92-->src/main/AndroidManifest.xml:51:25-66
93
94                <category android:name="android.intent.category.LAUNCHER" />
94-->src/main/AndroidManifest.xml:52:17-77
94-->src/main/AndroidManifest.xml:52:27-74
95            </intent-filter>
96            <intent-filter>
96-->src/main/AndroidManifest.xml:55:13-57:29
97                <action android:name="android.service.quicksettings.action.QS_TILE_PREFERENCES" />
97-->src/main/AndroidManifest.xml:56:17-99
97-->src/main/AndroidManifest.xml:56:25-96
98            </intent-filter>
99        </activity>
100        <activity
100-->src/main/AndroidManifest.xml:60:9-68:20
101            android:name="com.wireguard.android.activity.TvMainActivity"
101-->src/main/AndroidManifest.xml:61:13-52
102            android:exported="true"
102-->src/main/AndroidManifest.xml:62:13-36
103            android:theme="@style/TvTheme" >
103-->src/main/AndroidManifest.xml:63:13-43
104            <intent-filter>
104-->src/main/AndroidManifest.xml:64:13-67:29
105                <action android:name="android.intent.action.MAIN" />
105-->src/main/AndroidManifest.xml:51:17-69
105-->src/main/AndroidManifest.xml:51:25-66
106
107                <category android:name="android.intent.category.LEANBACK_LAUNCHER" />
107-->src/main/AndroidManifest.xml:66:17-86
107-->src/main/AndroidManifest.xml:66:27-83
108            </intent-filter>
109        </activity>
110        <activity
110-->src/main/AndroidManifest.xml:70:9-73:67
111            android:name="com.wireguard.android.activity.SettingsActivity"
111-->src/main/AndroidManifest.xml:71:13-54
112            android:label="@string/settings"
112-->src/main/AndroidManifest.xml:72:13-45
113            android:parentActivityName="com.wireguard.android.activity.MainActivity" />
113-->src/main/AndroidManifest.xml:73:13-64
114        <activity
114-->src/main/AndroidManifest.xml:75:9-78:67
115            android:name="com.wireguard.android.activity.TunnelCreatorActivity"
115-->src/main/AndroidManifest.xml:76:13-59
116            android:label="@string/create_activity_title"
116-->src/main/AndroidManifest.xml:77:13-58
117            android:parentActivityName="com.wireguard.android.activity.MainActivity" />
117-->src/main/AndroidManifest.xml:78:13-64
118        <activity
118-->src/main/AndroidManifest.xml:80:9-83:49
119            android:name="com.journeyapps.barcodescanner.CaptureActivity"
119-->src/main/AndroidManifest.xml:81:13-74
120            android:clearTaskOnLaunch="true"
120-->[com.journeyapps:zxing-android-embedded:4.3.0] AndroidManifest.xml:49:13-45
121            android:screenOrientation="fullSensor"
121-->src/main/AndroidManifest.xml:82:13-51
122            android:stateNotNeeded="true"
122-->[com.journeyapps:zxing-android-embedded:4.3.0] AndroidManifest.xml:51:13-42
123            android:theme="@style/zxing_CaptureTheme"
123-->[com.journeyapps:zxing-android-embedded:4.3.0] AndroidManifest.xml:52:13-54
124            android:windowSoftInputMode="stateAlwaysHidden" />
124-->[com.journeyapps:zxing-android-embedded:4.3.0] AndroidManifest.xml:53:13-60
125        <activity
125-->src/main/AndroidManifest.xml:85:9-92:20
126            android:name="com.wireguard.android.activity.LogViewerActivity"
126-->src/main/AndroidManifest.xml:86:13-55
127            android:exported="false"
127-->src/main/AndroidManifest.xml:87:13-37
128            android:label="@string/log_viewer_title" >
128-->src/main/AndroidManifest.xml:88:13-53
129            <intent-filter>
129-->src/main/AndroidManifest.xml:89:13-91:29
130                <action android:name="android.intent.action.MAIN" />
130-->src/main/AndroidManifest.xml:51:17-69
130-->src/main/AndroidManifest.xml:51:25-66
131            </intent-filter>
132        </activity>
133
134        <provider
135            android:name="com.wireguard.android.activity.LogViewerActivity$ExportedLogContentProvider"
135-->src/main/AndroidManifest.xml:95:13-82
136            android:authorities="com.wireguard.android.exported-log"
136-->src/main/AndroidManifest.xml:96:13-64
137            android:exported="false"
137-->src/main/AndroidManifest.xml:97:13-37
138            android:grantUriPermissions="true" />
138-->src/main/AndroidManifest.xml:98:13-47
139
140        <receiver
140-->src/main/AndroidManifest.xml:100:9-108:20
141            android:name="com.wireguard.android.BootShutdownReceiver"
141-->src/main/AndroidManifest.xml:101:13-49
142            android:exported="true"
142-->src/main/AndroidManifest.xml:102:13-36
143            android:permission="android.permission.RECEIVE_BOOT_COMPLETED" >
143-->src/main/AndroidManifest.xml:103:13-75
144            <intent-filter>
144-->src/main/AndroidManifest.xml:104:13-107:29
145                <action android:name="android.intent.action.ACTION_SHUTDOWN" />
145-->src/main/AndroidManifest.xml:105:17-80
145-->src/main/AndroidManifest.xml:105:25-77
146                <action android:name="android.intent.action.BOOT_COMPLETED" />
146-->src/main/AndroidManifest.xml:106:17-79
146-->src/main/AndroidManifest.xml:106:25-76
147            </intent-filter>
148        </receiver>
149
150        <service
150-->src/main/AndroidManifest.xml:110:9-127:19
151            android:name="com.wireguard.android.QuickTileService"
151-->src/main/AndroidManifest.xml:111:13-45
152            android:exported="true"
152-->src/main/AndroidManifest.xml:112:13-36
153            android:icon="@drawable/ic_tile"
153-->src/main/AndroidManifest.xml:113:13-45
154            android:permission="android.permission.BIND_QUICK_SETTINGS_TILE" >
154-->src/main/AndroidManifest.xml:114:13-77
155            <intent-filter>
155-->src/main/AndroidManifest.xml:116:13-118:29
156                <action android:name="android.service.quicksettings.action.QS_TILE" />
156-->src/main/AndroidManifest.xml:117:17-87
156-->src/main/AndroidManifest.xml:117:25-84
157            </intent-filter>
158
159            <meta-data
159-->src/main/AndroidManifest.xml:120:13-122:41
160                android:name="android.service.quicksettings.ACTIVE_TILE"
160-->src/main/AndroidManifest.xml:121:17-73
161                android:value="false" />
161-->src/main/AndroidManifest.xml:122:17-38
162            <meta-data
162-->src/main/AndroidManifest.xml:124:13-126:40
163                android:name="android.service.quicksettings.TOGGLEABLE_TILE"
163-->src/main/AndroidManifest.xml:125:17-77
164                android:value="true" />
164-->src/main/AndroidManifest.xml:126:17-37
165        </service>
166
167        <meta-data
167-->src/main/AndroidManifest.xml:129:9-131:56
168            android:name="android.content.APP_RESTRICTIONS"
168-->src/main/AndroidManifest.xml:130:13-60
169            android:resource="@xml/app_restrictions" />
169-->src/main/AndroidManifest.xml:131:13-53
170
171        <provider
171-->[androidx.emoji2:emoji2:1.3.0] AndroidManifest.xml:24:9-32:20
172            android:name="androidx.startup.InitializationProvider"
172-->[androidx.emoji2:emoji2:1.3.0] AndroidManifest.xml:25:13-67
173            android:authorities="com.wireguard.android.androidx-startup"
173-->[androidx.emoji2:emoji2:1.3.0] AndroidManifest.xml:26:13-68
174            android:exported="false" >
174-->[androidx.emoji2:emoji2:1.3.0] AndroidManifest.xml:27:13-37
175            <meta-data
175-->[androidx.emoji2:emoji2:1.3.0] AndroidManifest.xml:29:13-31:52
176                android:name="androidx.emoji2.text.EmojiCompatInitializer"
176-->[androidx.emoji2:emoji2:1.3.0] AndroidManifest.xml:30:17-75
177                android:value="androidx.startup" />
177-->[androidx.emoji2:emoji2:1.3.0] AndroidManifest.xml:31:17-49
178            <meta-data
178-->[androidx.lifecycle:lifecycle-process:2.10.0] AndroidManifest.xml:29:13-31:52
179                android:name="androidx.lifecycle.ProcessLifecycleInitializer"
179-->[androidx.lifecycle:lifecycle-process:2.10.0] AndroidManifest.xml:30:17-78
180                android:value="androidx.startup" />
180-->[androidx.lifecycle:lifecycle-process:2.10.0] AndroidManifest.xml:31:17-49
181            <meta-data
181-->[androidx.profileinstaller:profileinstaller:1.4.0] AndroidManifest.xml:29:13-31:52
182                android:name="androidx.profileinstaller.ProfileInstallerInitializer"
182-->[androidx.profileinstaller:profileinstaller:1.4.0] AndroidManifest.xml:30:17-85
183                android:value="androidx.startup" />
183-->[androidx.profileinstaller:profileinstaller:1.4.0] AndroidManifest.xml:31:17-49
184        </provider>
185
186        <uses-library
186-->[androidx.window:window:1.0.0] AndroidManifest.xml:25:9-27:40
187            android:name="androidx.window.extensions"
187-->[androidx.window:window:1.0.0] AndroidManifest.xml:26:13-54
188            android:required="false" />
188-->[androidx.window:window:1.0.0] AndroidManifest.xml:27:13-37
189        <uses-library
189-->[androidx.window:window:1.0.0] AndroidManifest.xml:28:9-30:40
190            android:name="androidx.window.sidecar"
190-->[androidx.window:window:1.0.0] AndroidManifest.xml:29:13-51
191            android:required="false" />
191-->[androidx.window:window:1.0.0] AndroidManifest.xml:30:13-37
192
193        <service
193-->[:tunnel] AndroidManifest.xml:12:9-19:19
194            android:name="com.wireguard.android.backend.GoBackend$VpnService"
194-->[:tunnel] AndroidManifest.xml:13:13-78
195            android:exported="false"
195-->[:tunnel] AndroidManifest.xml:14:13-37
196            android:permission="android.permission.BIND_VPN_SERVICE" >
196-->[:tunnel] AndroidManifest.xml:15:13-69
197            <intent-filter>
197-->[:tunnel] AndroidManifest.xml:16:13-18:29
198                <action android:name="android.net.VpnService" />
198-->[:tunnel] AndroidManifest.xml:17:17-65
198-->[:tunnel] AndroidManifest.xml:17:25-62
199            </intent-filter>
200        </service>
201
202        <receiver
202-->[androidx.profileinstaller:profileinstaller:1.4.0] AndroidManifest.xml:34:9-52:20
203            android:name="androidx.profileinstaller.ProfileInstallReceiver"
203-->[androidx.profileinstaller:profileinstaller:1.4.0] AndroidManifest.xml:35:13-76
204            android:directBootAware="false"
204-->[androidx.profileinstaller:profileinstaller:1.4.0] AndroidManifest.xml:36:13-44
205            android:enabled="true"
205-->[androidx.profileinstaller:profileinstaller:1.4.0] AndroidManifest.xml:37:13-35
206            android:exported="true"
206-->[androidx.profileinstaller:profileinstaller:1.4.0] AndroidManifest.xml:38:13-36
207            android:permission="android.permission.DUMP" >
207-->[androidx.profileinstaller:profileinstaller:1.4.0] AndroidManifest.xml:39:13-57
208            <intent-filter>
208-->[androidx.profileinstaller:profileinstaller:1.4.0] AndroidManifest.xml:40:13-42:29
209                <action android:name="androidx.profileinstaller.action.INSTALL_PROFILE" />
209-->[androidx.profileinstaller:profileinstaller:1.4.0] AndroidManifest.xml:41:17-91
209-->[androidx.profileinstaller:profileinstaller:1.4.0] AndroidManifest.xml:41:25-88
210            </intent-filter>
211            <intent-filter>
211-->[androidx.profileinstaller:profileinstaller:1.4.0] AndroidManifest.xml:43:13-45:29
212                <action android:name="androidx.profileinstaller.action.SKIP_FILE" />
212-->[androidx.profileinstaller:profileinstaller:1.4.0] AndroidManifest.xml:44:17-85
212-->[androidx.profileinstaller:profileinstaller:1.4.0] AndroidManifest.xml:44:25-82
213            </intent-filter>
214            <intent-filter>
214-->[androidx.profileinstaller:profileinstaller:1.4.0] AndroidManifest.xml:46:13-48:29
215                <action android:name="androidx.profileinstaller.action.SAVE_PROFILE" />
215-->[androidx.profileinstaller:profileinstaller:1.4.0] AndroidManifest.xml:47:17-88
215-->[androidx.profileinstaller:profileinstaller:1.4.0] AndroidManifest.xml:47:25-85
216            </intent-filter>
217            <intent-filter>
217-->[androidx.profileinstaller:profileinstaller:1.4.0] AndroidManifest.xml:49:13-51:29
218                <action android:name="androidx.profileinstaller.action.BENCHMARK_OPERATION" />
218-->[androidx.profileinstaller:profileinstaller:1.4.0] AndroidManifest.xml:50:17-95
218-->[androidx.profileinstaller:profileinstaller:1.4.0] AndroidManifest.xml:50:25-92
219            </intent-filter>
220        </receiver>
221    </application>
222
223</manifest>